# JRE version: OpenJDK Runtime Environment Temurin-25.0.1+8 (25.0.1+8) (build 25.0.1+8-LTS)
# Java VM: OpenJDK 64-Bit Server VM Temurin-25.0.1+8 (25.0.1+8-LTS, mixed mode, sharing, tiered, compressed oops, compressed class ptrs, g1 gc, windows-amd64)
GC Precious Log:
 CardTable entry size: 512
 Card Set container configuration: InlinePtr #cards 5 size 8 Array Of Cards #cards 10 size 36 Howl #buckets 4 coarsen threshold 1843 Howl Bitmap #cards 512 size 80 coarsen threshold 460 Card regions per heap region 1 cards per card region 2048
 CPUs: 12 total, 12 available
 Memory: 7518M
 Large Page Support: Disabled
 NUMA Support: Disabled
 Compressed Oops: Enabled (32-bit)
 Heap Region Size: 1M
 Heap Min Capacity: 8M
 Heap Initial Capacity: 118M
 Heap Max Capacity: 1880M
 Pre-touch: Disabled
 Parallel Workers: 10
 Concurrent Workers: 3
 Concurrent Refinement Workers: 10
 Periodic GC: Disabled
Heap:
 garbage-first heap   total reserved 1925120K, committed 64512K, used 28587K [0x000000008a800000, 0x0000000100000000)
  region size 1024K, 13 young (13312K), 3 survivors (3072K)
GC Heap Usage History (8 events):
Event: 1.108 {heap Before GC invocations=0 (full 0):
 garbage-first heap   total reserved 1925120K, committed 122880K, used 51347K [0x000000008a800000, 0x0000000100000000)
  region size 1024K, 47 young (48128K), 0 survivors (0K)
}
Event: 1.117 {heap After GC invocations=1 (full 0):
 garbage-first heap   total reserved 1925120K, committed 122880K, used 10323K [0x000000008a800000, 0x0000000100000000)
  region size 1024K, 6 young (6144K), 6 survivors (6144K)
}
Event: 1.747 {heap Before GC invocations=1 (full 0):
 garbage-first heap   total reserved 1925120K, committed 122880K, used 51283K [0x000000008a800000, 0x0000000100000000)
  region size 1024K, 47 young (48128K), 6 survivors (6144K)
}
Event: 1.759 {heap After GC invocations=2 (full 0):
 garbage-first heap   total reserved 1925120K, committed 122880K, used 15035K [0x000000008a800000, 0x0000000100000000)
  region size 1024K, 5 young (5120K), 5 survivors (5120K)
}
Event: 2.822 {heap Before GC invocations=3 (full 0):
 garbage-first heap   total reserved 1925120K, committed 55296K, used 53947K [0x000000008a800000, 0x0000000100000000)
  region size 1024K, 43 young (44032K), 5 survivors (5120K)
}
Event: 2.834 {heap After GC invocations=4 (full 0):
 garbage-first heap   total reserved 1925120K, committed 64512K, used 18707K [0x000000008a800000, 0x0000000100000000)
  region size 1024K, 4 young (4096K), 4 survivors (4096K)
}
Event: 3.488 {heap Before GC invocations=4 (full 0):
 garbage-first heap   total reserved 1925120K, committed 64512K, used 45331K [0x000000008a800000, 0x0000000100000000)
  region size 1024K, 30 young (30720K), 4 survivors (4096K)
}
Event: 3.492 {heap After GC invocations=5 (full 0):
 garbage-first heap   total reserved 1925120K, committed 64512K, used 20395K [0x000000008a800000, 0x0000000100000000)
  region size 1024K, 3 young (3072K), 3 survivors (3072K)
}

